{"backgrid-select2-cell.js":{"path":"backgrid-select2-cell.js","s":{"1":1,"2":1,"3":0,"4":0,"5":1,"6":1,"7":11,"8":11,"9":1,"10":11,"11":11,"12":11,"13":1,"14":1,"15":0,"16":1,"17":1,"18":0,"19":0,"20":0,"21":0,"22":0,"23":0,"24":0,"25":0,"26":0,"27":0,"28":1,"29":7,"30":7,"31":7,"32":1,"33":1},"b":{"1":[0,1],"2":[1,0],"3":[0,1],"4":[0,0],"5":[0,0],"6":[7,7],"7":[1,0]},"f":{"1":1,"2":1,"3":11,"4":1,"5":11,"6":1,"7":0,"8":0,"9":0,"10":7,"11":1},"fnMap":{"1":{"name":"(anonymous_1)","line":8,"loc":{"start":{"line":8,"column":1},"end":{"line":8,"column":26}}},"2":{"name":"(anonymous_2)","line":20,"loc":{"start":{"line":20,"column":8},"end":{"line":20,"column":38}}},"3":{"name":"(anonymous_3)","line":47,"loc":{"start":{"line":47,"column":16},"end":{"line":47,"column":28}}},"4":{"name":"(anonymous_4)","line":56,"loc":{"start":{"line":56,"column":23},"end":{"line":56,"column":42}}},"5":{"name":"(anonymous_5)","line":66,"loc":{"start":{"line":66,"column":12},"end":{"line":66,"column":24}}},"6":{"name":"(anonymous_6)","line":75,"loc":{"start":{"line":75,"column":16},"end":{"line":75,"column":28}}},"7":{"name":"(anonymous_7)","line":80,"loc":{"start":{"line":80,"column":34},"end":{"line":80,"column":47}}},"8":{"name":"(anonymous_8)","line":91,"loc":{"start":{"line":91,"column":35},"end":{"line":91,"column":47}}},"9":{"name":"(anonymous_9)","line":102,"loc":{"start":{"line":102,"column":12},"end":{"line":102,"column":24}}},"10":{"name":"(anonymous_10)","line":137,"loc":{"start":{"line":137,"column":16},"end":{"line":137,"column":35}}},"11":{"name":"(anonymous_11)","line":140,"loc":{"start":{"line":140,"column":49},"end":{"line":140,"column":88}}}},"statementMap":{"1":{"start":{"line":8,"column":0},"end":{"line":149,"column":4}},"2":{"start":{"line":11,"column":2},"end":{"line":18,"column":44}},"3":{"start":{"line":12,"column":4},"end":{"line":12,"column":23}},"4":{"start":{"line":13,"column":4},"end":{"line":15,"column":50}},"5":{"start":{"line":18,"column":7},"end":{"line":18,"column":44}},"6":{"start":{"line":35,"column":2},"end":{"line":107,"column":5}},"7":{"start":{"line":48,"column":6},"end":{"line":48,"column":76}},"8":{"start":{"line":49,"column":6},"end":{"line":49,"column":44}},"9":{"start":{"line":57,"column":6},"end":{"line":57,"column":52}},"10":{"start":{"line":67,"column":6},"end":{"line":67,"column":72}},"11":{"start":{"line":68,"column":6},"end":{"line":68,"column":44}},"12":{"start":{"line":69,"column":6},"end":{"line":69,"column":18}},"13":{"start":{"line":76,"column":6},"end":{"line":76,"column":22}},"14":{"start":{"line":77,"column":6},"end":{"line":78,"column":65}},"15":{"start":{"line":77,"column":25},"end":{"line":77,"column":75}},"16":{"start":{"line":78,"column":11},"end":{"line":78,"column":65}},"17":{"start":{"line":80,"column":6},"end":{"line":99,"column":26}},"18":{"start":{"line":81,"column":8},"end":{"line":98,"column":9}},"19":{"start":{"line":82,"column":10},"end":{"line":82,"column":26}},"20":{"start":{"line":83,"column":10},"end":{"line":83,"column":24}},"21":{"start":{"line":91,"column":10},"end":{"line":97,"column":18}},"22":{"start":{"line":92,"column":12},"end":{"line":92,"column":34}},"23":{"start":{"line":93,"column":12},"end":{"line":96,"column":13}},"24":{"start":{"line":94,"column":14},"end":{"line":94,"column":30}},"25":{"start":{"line":95,"column":14},"end":{"line":95,"column":28}},"26":{"start":{"line":103,"column":6},"end":{"line":103,"column":34}},"27":{"start":{"line":104,"column":6},"end":{"line":104,"column":79}},"28":{"start":{"line":116,"column":2},"end":{"line":147,"column":5}},"29":{"start":{"line":138,"column":6},"end":{"line":138,"column":70}},"30":{"start":{"line":139,"column":6},"end":{"line":139,"column":74}},"31":{"start":{"line":140,"column":6},"end":{"line":144,"column":9}},"32":{"start":{"line":141,"column":8},"end":{"line":143,"column":9}},"33":{"start":{"line":142,"column":10},"end":{"line":142,"column":56}}},"branchMap":{"1":{"line":11,"type":"if","locations":[{"start":{"line":11,"column":2},"end":{"line":11,"column":2}},{"start":{"line":11,"column":2},"end":{"line":11,"column":2}}]},"2":{"line":57,"type":"binary-expr","locations":[{"start":{"line":57,"column":37},"end":{"line":57,"column":44}},{"start":{"line":57,"column":48},"end":{"line":57,"column":50}}]},"3":{"line":77,"type":"if","locations":[{"start":{"line":77,"column":6},"end":{"line":77,"column":6}},{"start":{"line":77,"column":6},"end":{"line":77,"column":6}}]},"4":{"line":81,"type":"if","locations":[{"start":{"line":81,"column":8},"end":{"line":81,"column":8}},{"start":{"line":81,"column":8},"end":{"line":81,"column":8}}]},"5":{"line":93,"type":"if","locations":[{"start":{"line":93,"column":12},"end":{"line":93,"column":12}},{"start":{"line":93,"column":12},"end":{"line":93,"column":12}}]},"6":{"line":139,"type":"binary-expr","locations":[{"start":{"line":139,"column":28},"end":{"line":139,"column":50}},{"start":{"line":139,"column":54},"end":{"line":139,"column":73}}]},"7":{"line":141,"type":"if","locations":[{"start":{"line":141,"column":8},"end":{"line":141,"column":8}},{"start":{"line":141,"column":8},"end":{"line":141,"column":8}}]}}}}